2019-01-11 11:33:18,598 INFO  [org.alfresco.repo.admin] [localhost-startStop-1] Using database URL 'jdbc:h2:/home/astrid/pottsAlfrescoTutorial/maven-sdk-tutorial/alf_data_dev/h2_data/alf_dev;AUTO_SERVER=TRUE;DB_CLOSE_ON_EXIT=FALSE;LOCK_TIMEOUT=10000;MVCC=FALSE;LOCK_MODE=0' with user 'alfresco'.
2019-01-11 11:33:18,600 INFO  [org.alfresco.repo.admin] [localhost-startStop-1] Connected to database H2 version 1.4.190 (2015-10-11)
2019-01-11 11:33:21,634 INFO  [org.alfresco.repo.domain.schema.SchemaBootstrap] [localhost-startStop-1] Ignoring script patch (post-Hibernate): patch.db-V4.2-metadata-query-indexes
2019-01-11 11:33:21,635 INFO  [org.alfresco.repo.domain.schema.SchemaBootstrap] [localhost-startStop-1] Ignoring script patch (post-Hibernate): patch.db-V5.1-metadata-query-indexes
2019-01-11 11:33:21,635 INFO  [org.alfresco.repo.domain.schema.SchemaBootstrap] [localhost-startStop-1] Ignoring script patch (post-Hibernate): patch.db-V5.2-remove-jbpm-tables-from-db
2019-01-11 11:33:25,479 INFO  [org.alfresco.repo.management.subsystems.ChildApplicationContextFactory] [localhost-startStop-1] Starting 'Authentication' subsystem, ID: [Authentication, managed, alfrescoNtlm1]
2019-01-11 11:33:25,591 INFO  [org.alfresco.repo.management.subsystems.ChildApplicationContextFactory] [localhost-startStop-1] Startup of 'Authentication' subsystem, ID: [Authentication, managed, alfrescoNtlm1] complete
2019-01-11 11:33:26,890 WARN  [org.springframework.web.context.support.XmlWebApplicationContext] [localhost-startStop-1] Exception encountered during context initialization - cancelling refresh attempt: org.springframework.beans.factory.BeanCreationException: Error creating bean with name 'maven-sdk-tutorial-platform-jar_dictionaryBootstrap' defined in class path resource [alfresco/module/maven-sdk-tutorial-platform-jar/context/bootstrap-context.xml]: Invocation of init method failed; nested exception is org.alfresco.service.cmr.dictionary.DictionaryException: 00110001 Could not import bootstrap model 'alfresco/module/maven-sdk-tutorial-platform-jar/model/scModel.xml'
2019-01-11 11:33:27,235 INFO  [org.alfresco.repo.management.subsystems.ChildApplicationContextFactory] [localhost-startStop-1] Stopping 'Authentication' subsystem, ID: [Authentication, managed, alfrescoNtlm1]
2019-01-11 11:33:27,235 INFO  [org.alfresco.repo.management.subsystems.ChildApplicationContextFactory] [localhost-startStop-1] Stopped 'Authentication' subsystem, ID: [Authentication, managed, alfrescoNtlm1]
2019-01-11 11:33:27,239 ERROR [org.springframework.web.context.ContextLoader] [localhost-startStop-1] Context initialization failed
org.springframework.beans.factory.BeanCreationException: Error creating bean with name 'maven-sdk-tutorial-platform-jar_dictionaryBootstrap' defined in class path resource [alfresco/module/maven-sdk-tutorial-platform-jar/context/bootstrap-context.xml]: Invocation of init method failed; nested exception is org.alfresco.service.cmr.dictionary.DictionaryException: 00110001 Could not import bootstrap model 'alfresco/module/maven-sdk-tutorial-platform-jar/model/scModel.xml'
	at org.springframework.beans.factory.support.AbstractAutowireCapableBeanFactory.initializeBean(AbstractAutowireCapableBeanFactory.java:1514)
	at org.springframework.beans.factory.support.AbstractAutowireCapableBeanFactory.doCreateBean(AbstractAutowireCapableBeanFactory.java:521)
	at org.springframework.beans.factory.support.AbstractAutowireCapableBeanFactory.createBean(AbstractAutowireCapableBeanFactory.java:458)
	at org.springframework.beans.factory.support.AbstractBeanFactory$1.getObject(AbstractBeanFactory.java:293)
	at org.springframework.beans.factory.support.DefaultSingletonBeanRegistry.getSingleton(DefaultSingletonBeanRegistry.java:223)
	at org.springframework.beans.factory.support.AbstractBeanFactory.doGetBean(AbstractBeanFactory.java:290)
	at org.springframework.beans.factory.support.AbstractBeanFactory.getBean(AbstractBeanFactory.java:191)
	at org.springframework.beans.factory.support.DefaultListableBeanFactory.preInstantiateSingletons(DefaultListableBeanFactory.java:636)
	at org.springframework.context.support.AbstractApplicationContext.finishBeanFactoryInitialization(AbstractApplicationContext.java:938)
	at org.springframework.context.support.AbstractApplicationContext.refresh(AbstractApplicationContext.java:479)
	at org.springframework.web.context.ContextLoader.configureAndRefreshWebApplicationContext(ContextLoader.java:410)
	at org.springframework.web.context.ContextLoader.initWebApplicationContext(ContextLoader.java:306)
	at org.springframework.web.context.ContextLoaderListener.contextInitialized(ContextLoaderListener.java:112)
	at org.alfresco.web.app.ContextLoaderListener.contextInitialized(ContextLoaderListener.java:70)
	at org.apache.catalina.core.StandardContext.listenerStart(StandardContext.java:4939)
	at org.apache.catalina.core.StandardContext.startInternal(StandardContext.java:5434)
	at org.apache.catalina.util.LifecycleBase.start(LifecycleBase.java:150)
	at org.apache.catalina.core.ContainerBase$StartChild.call(ContainerBase.java:1559)
	at org.apache.catalina.core.ContainerBase$StartChild.call(ContainerBase.java:1549)
	at java.util.concurrent.FutureTask.run(FutureTask.java:266)
	at java.util.concurrent.ThreadPoolExecutor.runWorker(ThreadPoolExecutor.java:1149)
	at java.util.concurrent.ThreadPoolExecutor$Worker.run(ThreadPoolExecutor.java:624)
	at java.lang.Thread.run(Thread.java:748)
Caused by: org.alfresco.service.cmr.dictionary.DictionaryException: 00110001 Could not import bootstrap model 'alfresco/module/maven-sdk-tutorial-platform-jar/model/scModel.xml'
	at org.alfresco.repo.dictionary.DictionaryBootstrap.onDictionaryInit(DictionaryBootstrap.java:180)
	at org.alfresco.repo.dictionary.DictionaryBootstrap.bootstrap(DictionaryBootstrap.java:125)
	at sun.reflect.NativeMethodAccessorImpl.invoke0(Native Method)
	at sun.reflect.NativeMethodAccessorImpl.invoke(NativeMethodAccessorImpl.java:62)
	at sun.reflect.DelegatingMethodAccessorImpl.invoke(DelegatingMethodAccessorImpl.java:43)
	at java.lang.reflect.Method.invoke(Method.java:498)
	at org.springframework.beans.factory.support.AbstractAutowireCapableBeanFactory.invokeCustomInitMethod(AbstractAutowireCapableBeanFactory.java:1640)
	at org.springframework.beans.factory.support.AbstractAutowireCapableBeanFactory.invokeInitMethods(AbstractAutowireCapableBeanFactory.java:1581)
	at org.springframework.beans.factory.support.AbstractAutowireCapableBeanFactory.initializeBean(AbstractAutowireCapableBeanFactory.java:1511)
	... 22 more
Caused by: org.alfresco.service.cmr.dictionary.DictionaryException: 00110000 Failed to parse model
	at org.alfresco.repo.dictionary.M2Model.createModel(M2Model.java:113)
	at org.alfresco.repo.dictionary.M2Model.createModel(M2Model.java:99)
	at org.alfresco.repo.dictionary.DictionaryBootstrap.onDictionaryInit(DictionaryBootstrap.java:168)
	... 30 more
Caused by: org.jibx.runtime.JiBXException: Error parsing document (line 9, col 7)
	at org.jibx.runtime.impl.XMLPullReaderFactory$XMLPullReader.next(XMLPullReaderFactory.java:295)
	at org.jibx.runtime.impl.UnmarshallingContext.toStart(UnmarshallingContext.java:446)
	at org.jibx.runtime.impl.UnmarshallingContext.unmarshalElement(UnmarshallingContext.java:2750)
	at org.jibx.runtime.impl.UnmarshallingContext.unmarshalDocument(UnmarshallingContext.java:2900)
	at org.alfresco.repo.dictionary.M2Model.createModel(M2Model.java:108)
	... 32 more
Caused by: org.xmlpull.v1.XmlPullParserException: processing instruction can not have PITarget with reserveld xml name (position: START_DOCUMENT seen ...ools | Templates\nand open the template in the editor.\n-->\n\n\n<?xml ... @9:7) 
	at org.xmlpull.mxp1.MXParser.parsePI(MXParser.java:2453)
	at org.xmlpull.mxp1.MXParser.parseProlog(MXParser.java:1447)
	at org.xmlpull.mxp1.MXParser.nextImpl(MXParser.java:1395)
	at org.xmlpull.mxp1.MXParser.next(MXParser.java:1093)
	at org.jibx.runtime.impl.XMLPullReaderFactory$XMLPullReader.next(XMLPullReaderFactory.java:291)
	... 36 more
2019-01-11 13:50:53,734 INFO  [org.alfresco.repo.admin] [localhost-startStop-1] Using database URL 'jdbc:h2:/home/astrid/pottsAlfrescoTutorial/maven-sdk-tutorial/alf_data_dev/h2_data/alf_dev;AUTO_SERVER=TRUE;DB_CLOSE_ON_EXIT=FALSE;LOCK_TIMEOUT=10000;MVCC=FALSE;LOCK_MODE=0' with user 'alfresco'.
2019-01-11 13:50:53,736 INFO  [org.alfresco.repo.admin] [localhost-startStop-1] Connected to database H2 version 1.4.190 (2015-10-11)
2019-01-11 13:50:56,784 INFO  [org.alfresco.repo.domain.schema.SchemaBootstrap] [localhost-startStop-1] Ignoring script patch (post-Hibernate): patch.db-V4.2-metadata-query-indexes
2019-01-11 13:50:56,784 INFO  [org.alfresco.repo.domain.schema.SchemaBootstrap] [localhost-startStop-1] Ignoring script patch (post-Hibernate): patch.db-V5.1-metadata-query-indexes
2019-01-11 13:50:56,784 INFO  [org.alfresco.repo.domain.schema.SchemaBootstrap] [localhost-startStop-1] Ignoring script patch (post-Hibernate): patch.db-V5.2-remove-jbpm-tables-from-db
2019-01-11 13:51:00,639 INFO  [org.alfresco.repo.management.subsystems.ChildApplicationContextFactory] [localhost-startStop-1] Starting 'Authentication' subsystem, ID: [Authentication, managed, alfrescoNtlm1]
2019-01-11 13:51:00,745 INFO  [org.alfresco.repo.management.subsystems.ChildApplicationContextFactory] [localhost-startStop-1] Startup of 'Authentication' subsystem, ID: [Authentication, managed, alfrescoNtlm1] complete
2019-01-11 13:51:02,146 WARN  [org.springframework.web.context.support.XmlWebApplicationContext] [localhost-startStop-1] Exception encountered during context initialization - cancelling refresh attempt: org.springframework.beans.factory.BeanCreationException: Error creating bean with name 'maven-sdk-tutorial-platform-jar_dictionaryBootstrap' defined in class path resource [alfresco/module/maven-sdk-tutorial-platform-jar/context/bootstrap-context.xml]: Invocation of init method failed; nested exception is org.alfresco.service.cmr.dictionary.DictionaryException: 00110001 Could not import bootstrap model 'alfresco/module/maven-sdk-tutorial-platform-jar/model/scModel.xml'
2019-01-11 13:51:02,311 INFO  [org.alfresco.repo.management.subsystems.ChildApplicationContextFactory] [localhost-startStop-1] Stopping 'Authentication' subsystem, ID: [Authentication, managed, alfrescoNtlm1]
2019-01-11 13:51:02,311 INFO  [org.alfresco.repo.management.subsystems.ChildApplicationContextFactory] [localhost-startStop-1] Stopped 'Authentication' subsystem, ID: [Authentication, managed, alfrescoNtlm1]
2019-01-11 13:51:02,314 ERROR [org.springframework.web.context.ContextLoader] [localhost-startStop-1] Context initialization failed
org.springframework.beans.factory.BeanCreationException: Error creating bean with name 'maven-sdk-tutorial-platform-jar_dictionaryBootstrap' defined in class path resource [alfresco/module/maven-sdk-tutorial-platform-jar/context/bootstrap-context.xml]: Invocation of init method failed; nested exception is org.alfresco.service.cmr.dictionary.DictionaryException: 00110001 Could not import bootstrap model 'alfresco/module/maven-sdk-tutorial-platform-jar/model/scModel.xml'
	at org.springframework.beans.factory.support.AbstractAutowireCapableBeanFactory.initializeBean(AbstractAutowireCapableBeanFactory.java:1514)
	at org.springframework.beans.factory.support.AbstractAutowireCapableBeanFactory.doCreateBean(AbstractAutowireCapableBeanFactory.java:521)
	at org.springframework.beans.factory.support.AbstractAutowireCapableBeanFactory.createBean(AbstractAutowireCapableBeanFactory.java:458)
	at org.springframework.beans.factory.support.AbstractBeanFactory$1.getObject(AbstractBeanFactory.java:293)
	at org.springframework.beans.factory.support.DefaultSingletonBeanRegistry.getSingleton(DefaultSingletonBeanRegistry.java:223)
	at org.springframework.beans.factory.support.AbstractBeanFactory.doGetBean(AbstractBeanFactory.java:290)
	at org.springframework.beans.factory.support.AbstractBeanFactory.getBean(AbstractBeanFactory.java:191)
	at org.springframework.beans.factory.support.DefaultListableBeanFactory.preInstantiateSingletons(DefaultListableBeanFactory.java:636)
	at org.springframework.context.support.AbstractApplicationContext.finishBeanFactoryInitialization(AbstractApplicationContext.java:938)
	at org.springframework.context.support.AbstractApplicationContext.refresh(AbstractApplicationContext.java:479)
	at org.springframework.web.context.ContextLoader.configureAndRefreshWebApplicationContext(ContextLoader.java:410)
	at org.springframework.web.context.ContextLoader.initWebApplicationContext(ContextLoader.java:306)
	at org.springframework.web.context.ContextLoaderListener.contextInitialized(ContextLoaderListener.java:112)
	at org.alfresco.web.app.ContextLoaderListener.contextInitialized(ContextLoaderListener.java:70)
	at org.apache.catalina.core.StandardContext.listenerStart(StandardContext.java:4939)
	at org.apache.catalina.core.StandardContext.startInternal(StandardContext.java:5434)
	at org.apache.catalina.util.LifecycleBase.start(LifecycleBase.java:150)
	at org.apache.catalina.core.ContainerBase$StartChild.call(ContainerBase.java:1559)
	at org.apache.catalina.core.ContainerBase$StartChild.call(ContainerBase.java:1549)
	at java.util.concurrent.FutureTask.run(FutureTask.java:266)
	at java.util.concurrent.ThreadPoolExecutor.runWorker(ThreadPoolExecutor.java:1149)
	at java.util.concurrent.ThreadPoolExecutor$Worker.run(ThreadPoolExecutor.java:624)
	at java.lang.Thread.run(Thread.java:748)
Caused by: org.alfresco.service.cmr.dictionary.DictionaryException: 00110001 Could not import bootstrap model 'alfresco/module/maven-sdk-tutorial-platform-jar/model/scModel.xml'
	at org.alfresco.repo.dictionary.DictionaryBootstrap.onDictionaryInit(DictionaryBootstrap.java:180)
	at org.alfresco.repo.dictionary.DictionaryBootstrap.bootstrap(DictionaryBootstrap.java:125)
	at sun.reflect.NativeMethodAccessorImpl.invoke0(Native Method)
	at sun.reflect.NativeMethodAccessorImpl.invoke(NativeMethodAccessorImpl.java:62)
	at sun.reflect.DelegatingMethodAccessorImpl.invoke(DelegatingMethodAccessorImpl.java:43)
	at java.lang.reflect.Method.invoke(Method.java:498)
	at org.springframework.beans.factory.support.AbstractAutowireCapableBeanFactory.invokeCustomInitMethod(AbstractAutowireCapableBeanFactory.java:1640)
	at org.springframework.beans.factory.support.AbstractAutowireCapableBeanFactory.invokeInitMethods(AbstractAutowireCapableBeanFactory.java:1581)
	at org.springframework.beans.factory.support.AbstractAutowireCapableBeanFactory.initializeBean(AbstractAutowireCapableBeanFactory.java:1511)
	... 22 more
Caused by: org.alfresco.service.cmr.dictionary.DictionaryException: 00110000 Failed to parse model
	at org.alfresco.repo.dictionary.M2Model.createModel(M2Model.java:113)
	at org.alfresco.repo.dictionary.M2Model.createModel(M2Model.java:99)
	at org.alfresco.repo.dictionary.DictionaryBootstrap.onDictionaryInit(DictionaryBootstrap.java:168)
	... 30 more
Caused by: org.jibx.runtime.JiBXException: Error parsing document (line 9, col 7)
	at org.jibx.runtime.impl.XMLPullReaderFactory$XMLPullReader.next(XMLPullReaderFactory.java:295)
	at org.jibx.runtime.impl.UnmarshallingContext.toStart(UnmarshallingContext.java:446)
	at org.jibx.runtime.impl.UnmarshallingContext.unmarshalElement(UnmarshallingContext.java:2750)
	at org.jibx.runtime.impl.UnmarshallingContext.unmarshalDocument(UnmarshallingContext.java:2900)
	at org.alfresco.repo.dictionary.M2Model.createModel(M2Model.java:108)
	... 32 more
Caused by: org.xmlpull.v1.XmlPullParserException: processing instruction can not have PITarget with reserveld xml name (position: START_DOCUMENT seen ...ools | Templates\nand open the template in the editor.\n-->\n\n\n<?xml ... @9:7) 
	at org.xmlpull.mxp1.MXParser.parsePI(MXParser.java:2453)
	at org.xmlpull.mxp1.MXParser.parseProlog(MXParser.java:1447)
	at org.xmlpull.mxp1.MXParser.nextImpl(MXParser.java:1395)
	at org.xmlpull.mxp1.MXParser.next(MXParser.java:1093)
	at org.jibx.runtime.impl.XMLPullReaderFactory$XMLPullReader.next(XMLPullReaderFactory.java:291)
	... 36 more
2019-01-11 13:56:01,191 INFO  [org.alfresco.repo.admin] [localhost-startStop-1] Using database URL 'jdbc:h2:/home/astrid/pottsAlfrescoTutorial/maven-sdk-tutorial/alf_data_dev/h2_data/alf_dev;AUTO_SERVER=TRUE;DB_CLOSE_ON_EXIT=FALSE;LOCK_TIMEOUT=10000;MVCC=FALSE;LOCK_MODE=0' with user 'alfresco'.
2019-01-11 13:56:01,193 INFO  [org.alfresco.repo.admin] [localhost-startStop-1] Connected to database H2 version 1.4.190 (2015-10-11)
2019-01-11 13:56:04,332 INFO  [org.alfresco.repo.domain.schema.SchemaBootstrap] [localhost-startStop-1] Ignoring script patch (post-Hibernate): patch.db-V4.2-metadata-query-indexes
2019-01-11 13:56:04,332 INFO  [org.alfresco.repo.domain.schema.SchemaBootstrap] [localhost-startStop-1] Ignoring script patch (post-Hibernate): patch.db-V5.1-metadata-query-indexes
2019-01-11 13:56:04,332 INFO  [org.alfresco.repo.domain.schema.SchemaBootstrap] [localhost-startStop-1] Ignoring script patch (post-Hibernate): patch.db-V5.2-remove-jbpm-tables-from-db
2019-01-11 13:56:08,097 INFO  [org.alfresco.repo.management.subsystems.ChildApplicationContextFactory] [localhost-startStop-1] Starting 'Authentication' subsystem, ID: [Authentication, managed, alfrescoNtlm1]
2019-01-11 13:56:08,231 INFO  [org.alfresco.repo.management.subsystems.ChildApplicationContextFactory] [localhost-startStop-1] Startup of 'Authentication' subsystem, ID: [Authentication, managed, alfrescoNtlm1] complete
2019-01-11 13:56:09,751 WARN  [org.springframework.web.context.support.XmlWebApplicationContext] [localhost-startStop-1] Exception encountered during context initialization - cancelling refresh attempt: org.springframework.beans.factory.BeanCreationException: Error creating bean with name 'maven-sdk-tutorial-platform-jar_dictionaryBootstrap' defined in class path resource [alfresco/module/maven-sdk-tutorial-platform-jar/context/bootstrap-context.xml]: Invocation of init method failed; nested exception is org.alfresco.service.cmr.dictionary.DictionaryException: 00110001 Could not import bootstrap model 'alfresco/module/maven-sdk-tutorial-platform-jar/model/scModel.xml'
2019-01-11 13:56:10,333 INFO  [org.alfresco.repo.management.subsystems.ChildApplicationContextFactory] [localhost-startStop-1] Stopping 'Authentication' subsystem, ID: [Authentication, managed, alfrescoNtlm1]
2019-01-11 13:56:10,333 INFO  [org.alfresco.repo.management.subsystems.ChildApplicationContextFactory] [localhost-startStop-1] Stopped 'Authentication' subsystem, ID: [Authentication, managed, alfrescoNtlm1]
2019-01-11 13:56:10,336 ERROR [org.springframework.web.context.ContextLoader] [localhost-startStop-1] Context initialization failed
org.springframework.beans.factory.BeanCreationException: Error creating bean with name 'maven-sdk-tutorial-platform-jar_dictionaryBootstrap' defined in class path resource [alfresco/module/maven-sdk-tutorial-platform-jar/context/bootstrap-context.xml]: Invocation of init method failed; nested exception is org.alfresco.service.cmr.dictionary.DictionaryException: 00110001 Could not import bootstrap model 'alfresco/module/maven-sdk-tutorial-platform-jar/model/scModel.xml'
	at org.springframework.beans.factory.support.AbstractAutowireCapableBeanFactory.initializeBean(AbstractAutowireCapableBeanFactory.java:1514)
	at org.springframework.beans.factory.support.AbstractAutowireCapableBeanFactory.doCreateBean(AbstractAutowireCapableBeanFactory.java:521)
	at org.springframework.beans.factory.support.AbstractAutowireCapableBeanFactory.createBean(AbstractAutowireCapableBeanFactory.java:458)
	at org.springframework.beans.factory.support.AbstractBeanFactory$1.getObject(AbstractBeanFactory.java:293)
	at org.springframework.beans.factory.support.DefaultSingletonBeanRegistry.getSingleton(DefaultSingletonBeanRegistry.java:223)
	at org.springframework.beans.factory.support.AbstractBeanFactory.doGetBean(AbstractBeanFactory.java:290)
	at org.springframework.beans.factory.support.AbstractBeanFactory.getBean(AbstractBeanFactory.java:191)
	at org.springframework.beans.factory.support.DefaultListableBeanFactory.preInstantiateSingletons(DefaultListableBeanFactory.java:636)
	at org.springframework.context.support.AbstractApplicationContext.finishBeanFactoryInitialization(AbstractApplicationContext.java:938)
	at org.springframework.context.support.AbstractApplicationContext.refresh(AbstractApplicationContext.java:479)
	at org.springframework.web.context.ContextLoader.configureAndRefreshWebApplicationContext(ContextLoader.java:410)
	at org.springframework.web.context.ContextLoader.initWebApplicationContext(ContextLoader.java:306)
	at org.springframework.web.context.ContextLoaderListener.contextInitialized(ContextLoaderListener.java:112)
	at org.alfresco.web.app.ContextLoaderListener.contextInitialized(ContextLoaderListener.java:70)
	at org.apache.catalina.core.StandardContext.listenerStart(StandardContext.java:4939)
	at org.apache.catalina.core.StandardContext.startInternal(StandardContext.java:5434)
	at org.apache.catalina.util.LifecycleBase.start(LifecycleBase.java:150)
	at org.apache.catalina.core.ContainerBase$StartChild.call(ContainerBase.java:1559)
	at org.apache.catalina.core.ContainerBase$StartChild.call(ContainerBase.java:1549)
	at java.util.concurrent.FutureTask.run(FutureTask.java:266)
	at java.util.concurrent.ThreadPoolExecutor.runWorker(ThreadPoolExecutor.java:1149)
	at java.util.concurrent.ThreadPoolExecutor$Worker.run(ThreadPoolExecutor.java:624)
	at java.lang.Thread.run(Thread.java:748)
Caused by: org.alfresco.service.cmr.dictionary.DictionaryException: 00110001 Could not import bootstrap model 'alfresco/module/maven-sdk-tutorial-platform-jar/model/scModel.xml'
	at org.alfresco.repo.dictionary.DictionaryBootstrap.onDictionaryInit(DictionaryBootstrap.java:180)
	at org.alfresco.repo.dictionary.DictionaryBootstrap.bootstrap(DictionaryBootstrap.java:125)
	at sun.reflect.NativeMethodAccessorImpl.invoke0(Native Method)
	at sun.reflect.NativeMethodAccessorImpl.invoke(NativeMethodAccessorImpl.java:62)
	at sun.reflect.DelegatingMethodAccessorImpl.invoke(DelegatingMethodAccessorImpl.java:43)
	at java.lang.reflect.Method.invoke(Method.java:498)
	at org.springframework.beans.factory.support.AbstractAutowireCapableBeanFactory.invokeCustomInitMethod(AbstractAutowireCapableBeanFactory.java:1640)
	at org.springframework.beans.factory.support.AbstractAutowireCapableBeanFactory.invokeInitMethods(AbstractAutowireCapableBeanFactory.java:1581)
	at org.springframework.beans.factory.support.AbstractAutowireCapableBeanFactory.initializeBean(AbstractAutowireCapableBeanFactory.java:1511)
	... 22 more
Caused by: org.alfresco.service.cmr.dictionary.DictionaryException: 00110000 Failed to parse model
	at org.alfresco.repo.dictionary.M2Model.createModel(M2Model.java:113)
	at org.alfresco.repo.dictionary.M2Model.createModel(M2Model.java:99)
	at org.alfresco.repo.dictionary.DictionaryBootstrap.onDictionaryInit(DictionaryBootstrap.java:168)
	... 30 more
Caused by: org.jibx.runtime.JiBXException: Error parsing document (line 9, col 7)
	at org.jibx.runtime.impl.XMLPullReaderFactory$XMLPullReader.next(XMLPullReaderFactory.java:295)
	at org.jibx.runtime.impl.UnmarshallingContext.toStart(UnmarshallingContext.java:446)
	at org.jibx.runtime.impl.UnmarshallingContext.unmarshalElement(UnmarshallingContext.java:2750)
	at org.jibx.runtime.impl.UnmarshallingContext.unmarshalDocument(UnmarshallingContext.java:2900)
	at org.alfresco.repo.dictionary.M2Model.createModel(M2Model.java:108)
	... 32 more
Caused by: org.xmlpull.v1.XmlPullParserException: processing instruction can not have PITarget with reserveld xml name (position: START_DOCUMENT seen ...ools | Templates\nand open the template in the editor.\n-->\n\n\n<?xml ... @9:7) 
	at org.xmlpull.mxp1.MXParser.parsePI(MXParser.java:2453)
	at org.xmlpull.mxp1.MXParser.parseProlog(MXParser.java:1447)
	at org.xmlpull.mxp1.MXParser.nextImpl(MXParser.java:1395)
	at org.xmlpull.mxp1.MXParser.next(MXParser.java:1093)
	at org.jibx.runtime.impl.XMLPullReaderFactory$XMLPullReader.next(XMLPullReaderFactory.java:291)
	... 36 more
2019-01-11 14:57:13,097 INFO  [org.alfresco.repo.admin] [localhost-startStop-1] Using database URL 'jdbc:h2:/home/astrid/pottsAlfrescoTutorial/maven-sdk-tutorial/alf_data_dev/h2_data/alf_dev;AUTO_SERVER=TRUE;DB_CLOSE_ON_EXIT=FALSE;LOCK_TIMEOUT=10000;MVCC=FALSE;LOCK_MODE=0' with user 'alfresco'.
2019-01-11 14:57:13,099 INFO  [org.alfresco.repo.admin] [localhost-startStop-1] Connected to database H2 version 1.4.190 (2015-10-11)
2019-01-11 14:57:16,193 INFO  [org.alfresco.repo.domain.schema.SchemaBootstrap] [localhost-startStop-1] Ignoring script patch (post-Hibernate): patch.db-V4.2-metadata-query-indexes
2019-01-11 14:57:16,193 INFO  [org.alfresco.repo.domain.schema.SchemaBootstrap] [localhost-startStop-1] Ignoring script patch (post-Hibernate): patch.db-V5.1-metadata-query-indexes
2019-01-11 14:57:16,193 INFO  [org.alfresco.repo.domain.schema.SchemaBootstrap] [localhost-startStop-1] Ignoring script patch (post-Hibernate): patch.db-V5.2-remove-jbpm-tables-from-db
2019-01-11 14:57:19,919 INFO  [org.alfresco.repo.management.subsystems.ChildApplicationContextFactory] [localhost-startStop-1] Starting 'Authentication' subsystem, ID: [Authentication, managed, alfrescoNtlm1]
2019-01-11 14:57:20,033 INFO  [org.alfresco.repo.management.subsystems.ChildApplicationContextFactory] [localhost-startStop-1] Startup of 'Authentication' subsystem, ID: [Authentication, managed, alfrescoNtlm1] complete
2019-01-11 14:57:21,312 WARN  [org.springframework.web.context.support.XmlWebApplicationContext] [localhost-startStop-1] Exception encountered during context initialization - cancelling refresh attempt: org.springframework.beans.factory.BeanCreationException: Error creating bean with name 'maven-sdk-tutorial-platform-jar_dictionaryBootstrap' defined in class path resource [alfresco/module/maven-sdk-tutorial-platform-jar/context/bootstrap-context.xml]: Invocation of init method failed; nested exception is org.alfresco.service.cmr.dictionary.DictionaryException: 00110001 Could not import bootstrap model 'alfresco/module/maven-sdk-tutorial-platform-jar/model/scModel.xml'
2019-01-11 14:57:21,764 INFO  [org.alfresco.repo.management.subsystems.ChildApplicationContextFactory] [localhost-startStop-1] Stopping 'Authentication' subsystem, ID: [Authentication, managed, alfrescoNtlm1]
2019-01-11 14:57:21,764 INFO  [org.alfresco.repo.management.subsystems.ChildApplicationContextFactory] [localhost-startStop-1] Stopped 'Authentication' subsystem, ID: [Authentication, managed, alfrescoNtlm1]
2019-01-11 14:57:21,768 ERROR [org.springframework.web.context.ContextLoader] [localhost-startStop-1] Context initialization failed
org.springframework.beans.factory.BeanCreationException: Error creating bean with name 'maven-sdk-tutorial-platform-jar_dictionaryBootstrap' defined in class path resource [alfresco/module/maven-sdk-tutorial-platform-jar/context/bootstrap-context.xml]: Invocation of init method failed; nested exception is org.alfresco.service.cmr.dictionary.DictionaryException: 00110001 Could not import bootstrap model 'alfresco/module/maven-sdk-tutorial-platform-jar/model/scModel.xml'
	at org.springframework.beans.factory.support.AbstractAutowireCapableBeanFactory.initializeBean(AbstractAutowireCapableBeanFactory.java:1514)
	at org.springframework.beans.factory.support.AbstractAutowireCapableBeanFactory.doCreateBean(AbstractAutowireCapableBeanFactory.java:521)
	at org.springframework.beans.factory.support.AbstractAutowireCapableBeanFactory.createBean(AbstractAutowireCapableBeanFactory.java:458)
	at org.springframework.beans.factory.support.AbstractBeanFactory$1.getObject(AbstractBeanFactory.java:293)
	at org.springframework.beans.factory.support.DefaultSingletonBeanRegistry.getSingleton(DefaultSingletonBeanRegistry.java:223)
	at org.springframework.beans.factory.support.AbstractBeanFactory.doGetBean(AbstractBeanFactory.java:290)
	at org.springframework.beans.factory.support.AbstractBeanFactory.getBean(AbstractBeanFactory.java:191)
	at org.springframework.beans.factory.support.DefaultListableBeanFactory.preInstantiateSingletons(DefaultListableBeanFactory.java:636)
	at org.springframework.context.support.AbstractApplicationContext.finishBeanFactoryInitialization(AbstractApplicationContext.java:938)
	at org.springframework.context.support.AbstractApplicationContext.refresh(AbstractApplicationContext.java:479)
	at org.springframework.web.context.ContextLoader.configureAndRefreshWebApplicationContext(ContextLoader.java:410)
	at org.springframework.web.context.ContextLoader.initWebApplicationContext(ContextLoader.java:306)
	at org.springframework.web.context.ContextLoaderListener.contextInitialized(ContextLoaderListener.java:112)
	at org.alfresco.web.app.ContextLoaderListener.contextInitialized(ContextLoaderListener.java:70)
	at org.apache.catalina.core.StandardContext.listenerStart(StandardContext.java:4939)
	at org.apache.catalina.core.StandardContext.startInternal(StandardContext.java:5434)
	at org.apache.catalina.util.LifecycleBase.start(LifecycleBase.java:150)
	at org.apache.catalina.core.ContainerBase$StartChild.call(ContainerBase.java:1559)
	at org.apache.catalina.core.ContainerBase$StartChild.call(ContainerBase.java:1549)
	at java.util.concurrent.FutureTask.run(FutureTask.java:266)
	at java.util.concurrent.ThreadPoolExecutor.runWorker(ThreadPoolExecutor.java:1149)
	at java.util.concurrent.ThreadPoolExecutor$Worker.run(ThreadPoolExecutor.java:624)
	at java.lang.Thread.run(Thread.java:748)
Caused by: org.alfresco.service.cmr.dictionary.DictionaryException: 00110001 Could not import bootstrap model 'alfresco/module/maven-sdk-tutorial-platform-jar/model/scModel.xml'
	at org.alfresco.repo.dictionary.DictionaryBootstrap.onDictionaryInit(DictionaryBootstrap.java:180)
	at org.alfresco.repo.dictionary.DictionaryBootstrap.bootstrap(DictionaryBootstrap.java:125)
	at sun.reflect.NativeMethodAccessorImpl.invoke0(Native Method)
	at sun.reflect.NativeMethodAccessorImpl.invoke(NativeMethodAccessorImpl.java:62)
	at sun.reflect.DelegatingMethodAccessorImpl.invoke(DelegatingMethodAccessorImpl.java:43)
	at java.lang.reflect.Method.invoke(Method.java:498)
	at org.springframework.beans.factory.support.AbstractAutowireCapableBeanFactory.invokeCustomInitMethod(AbstractAutowireCapableBeanFactory.java:1640)
	at org.springframework.beans.factory.support.AbstractAutowireCapableBeanFactory.invokeInitMethods(AbstractAutowireCapableBeanFactory.java:1581)
	at org.springframework.beans.factory.support.AbstractAutowireCapableBeanFactory.initializeBean(AbstractAutowireCapableBeanFactory.java:1511)
	... 22 more
Caused by: org.alfresco.service.cmr.dictionary.DictionaryException: 00110000 Failed to parse model
	at org.alfresco.repo.dictionary.M2Model.createModel(M2Model.java:113)
	at org.alfresco.repo.dictionary.M2Model.createModel(M2Model.java:99)
	at org.alfresco.repo.dictionary.DictionaryBootstrap.onDictionaryInit(DictionaryBootstrap.java:168)
	... 30 more
Caused by: org.jibx.runtime.JiBXException: Error parsing document (line 9, col 7)
	at org.jibx.runtime.impl.XMLPullReaderFactory$XMLPullReader.next(XMLPullReaderFactory.java:295)
	at org.jibx.runtime.impl.UnmarshallingContext.toStart(UnmarshallingContext.java:446)
	at org.jibx.runtime.impl.UnmarshallingContext.unmarshalElement(UnmarshallingContext.java:2750)
	at org.jibx.runtime.impl.UnmarshallingContext.unmarshalDocument(UnmarshallingContext.java:2900)
	at org.alfresco.repo.dictionary.M2Model.createModel(M2Model.java:108)
	... 32 more
Caused by: org.xmlpull.v1.XmlPullParserException: processing instruction can not have PITarget with reserveld xml name (position: START_DOCUMENT seen ...ools | Templates\nand open the template in the editor.\n-->\n\n\n<?xml ... @9:7) 
	at org.xmlpull.mxp1.MXParser.parsePI(MXParser.java:2453)
	at org.xmlpull.mxp1.MXParser.parseProlog(MXParser.java:1447)
	at org.xmlpull.mxp1.MXParser.nextImpl(MXParser.java:1395)
	at org.xmlpull.mxp1.MXParser.next(MXParser.java:1093)
	at org.jibx.runtime.impl.XMLPullReaderFactory$XMLPullReader.next(XMLPullReaderFactory.java:291)
	... 36 more
2019-01-11 16:05:46,149 INFO  [org.alfresco.repo.admin] [localhost-startStop-1] Using database URL 'jdbc:h2:/home/astrid/pottsAlfrescoTutorial/maven-sdk-tutorial/alf_data_dev/h2_data/alf_dev;AUTO_SERVER=TRUE;DB_CLOSE_ON_EXIT=FALSE;LOCK_TIMEOUT=10000;MVCC=FALSE;LOCK_MODE=0' with user 'alfresco'.
2019-01-11 16:05:46,151 INFO  [org.alfresco.repo.admin] [localhost-startStop-1] Connected to database H2 version 1.4.190 (2015-10-11)
2019-01-11 16:05:49,052 INFO  [org.alfresco.repo.domain.schema.SchemaBootstrap] [localhost-startStop-1] Ignoring script patch (post-Hibernate): patch.db-V4.2-metadata-query-indexes
2019-01-11 16:05:49,052 INFO  [org.alfresco.repo.domain.schema.SchemaBootstrap] [localhost-startStop-1] Ignoring script patch (post-Hibernate): patch.db-V5.1-metadata-query-indexes
2019-01-11 16:05:49,052 INFO  [org.alfresco.repo.domain.schema.SchemaBootstrap] [localhost-startStop-1] Ignoring script patch (post-Hibernate): patch.db-V5.2-remove-jbpm-tables-from-db
2019-01-11 16:05:52,793 INFO  [org.alfresco.repo.management.subsystems.ChildApplicationContextFactory] [localhost-startStop-1] Starting 'Authentication' subsystem, ID: [Authentication, managed, alfrescoNtlm1]
2019-01-11 16:05:52,895 INFO  [org.alfresco.repo.management.subsystems.ChildApplicationContextFactory] [localhost-startStop-1] Startup of 'Authentication' subsystem, ID: [Authentication, managed, alfrescoNtlm1] complete
2019-01-11 16:05:54,435 INFO  [org.springframework.extensions.webscripts.TemplateProcessorRegistry] [localhost-startStop-1] Registered template processor Repository Template Processor for extension ftl
2019-01-11 16:05:54,437 INFO  [org.springframework.extensions.webscripts.ScriptProcessorRegistry] [localhost-startStop-1] Registered script processor Repository Script Processor for extension js
2019-01-11 16:05:55,953 INFO  [org.alfresco.repo.management.subsystems.ChildApplicationContextFactory] [localhost-startStop-1] Starting 'ContentStore' subsystem, ID: [ContentStore, managed, unencrypted]
2019-01-11 16:05:55,973 INFO  [org.alfresco.repo.management.subsystems.ChildApplicationContextFactory] [localhost-startStop-1] Startup of 'ContentStore' subsystem, ID: [ContentStore, managed, unencrypted] complete
2019-01-11 16:05:55,986 INFO  [org.alfresco.repo.domain.schema.SchemaBootstrap] [localhost-startStop-1] Connecting to database: jdbc:h2:/home/astrid/pottsAlfrescoTutorial/maven-sdk-tutorial/alf_data_dev/h2_data/alf_dev, UserName=ALFRESCO, H2 JDBC Driver
2019-01-11 16:05:55,987 INFO  [org.alfresco.repo.domain.schema.SchemaBootstrap] [localhost-startStop-1] Schema managed by database dialect org.hibernate.dialect.H2Dialect.
2019-01-11 16:05:56,055 INFO  [org.alfresco.repo.domain.schema.SchemaBootstrap] [localhost-startStop-1] No changes were made to the schema.
2019-01-11 16:05:56,601 INFO  [org.alfresco.repo.management.subsystems.ChildApplicationContextFactory] [localhost-startStop-1] Starting 'thirdparty' subsystem, ID: [thirdparty, default]
2019-01-11 16:05:56,639 ERROR [org.alfresco.repo.content.transform.magick.AbstractImageMagickContentTransformerWorker] [localhost-startStop-1] ImageMagickContentTransformerWorker not available: 00110016 Failed to perform ImageMagick transformation: 
Execution result: 
   os:         Linux
   command:    ./ImageMagick/bin/convert /tmp/Alfresco/ImageMagickContentTransformerWorker_init_source_3787044200654769002.gif -strip /tmp/Alfresco/ImageMagickContentTransformerWorker_init_target_5230460303595390979.png
   succeeded:  false
   exit code:  1
   out:        
   err:        Cannot run program "./ImageMagick/bin/convert": error=2, No such file or directory
2019-01-11 16:05:56,639 INFO  [org.alfresco.repo.management.subsystems.ChildApplicationContextFactory] [localhost-startStop-1] Startup of 'thirdparty' subsystem, ID: [thirdparty, default] complete
2019-01-11 16:05:56,639 INFO  [org.alfresco.repo.management.subsystems.ChildApplicationContextFactory] [localhost-startStop-1] Starting 'OOoDirect' subsystem, ID: [OOoDirect, default]
2019-01-11 16:05:56,896 WARN  [org.alfresco.util.OpenOfficeConnectionTester] [localhost-startStop-1] An initial OpenOffice connection could not be established.
2019-01-11 16:05:56,897 INFO  [org.alfresco.repo.management.subsystems.ChildApplicationContextFactory] [localhost-startStop-1] Startup of 'OOoDirect' subsystem, ID: [OOoDirect, default] complete
2019-01-11 16:05:56,899 INFO  [org.alfresco.repo.admin.ConfigurationChecker] [localhost-startStop-1] The root data directory ('dir.root') is: /home/astrid/pottsAlfrescoTutorial/maven-sdk-tutorial/alf_data_dev
2019-01-11 16:05:56,899 INFO  [org.alfresco.repo.management.subsystems.ChildApplicationContextFactory] [localhost-startStop-1] Starting 'Search' subsystem, ID: [Search, managed, solr4]
2019-01-11 16:05:57,149 INFO  [org.alfresco.repo.management.subsystems.ChildApplicationContextFactory] [localhost-startStop-1] Startup of 'Search' subsystem, ID: [Search, managed, solr4] complete
2019-01-11 16:05:57,161 INFO  [org.alfresco.repo.admin.patch.PatchExecuter] [localhost-startStop-1] Checking for patches to apply ...
2019-01-11 16:05:57,341 INFO  [org.alfresco.repo.admin.patch.PatchExecuter] [localhost-startStop-1] No patches were required.
2019-01-11 16:05:57,352 INFO  [org.alfresco.repo.module.ModuleServiceImpl] [localhost-startStop-1] Found 3 module package(s).
2019-01-11 16:05:57,372 INFO  [org.alfresco.repo.module.ModuleServiceImpl] [localhost-startStop-1] Starting module 'maven-sdk-tutorial-platform-jar' version 1.0-SNAPSHOT.
2019-01-11 16:05:57,413 INFO  [org.alfresco.repo.module.ModuleServiceImpl] [localhost-startStop-1] Starting module 'alfresco-share-services' version 5.2.0.
2019-01-11 16:05:57,422 INFO  [org.alfresco.repo.module.ModuleServiceImpl] [localhost-startStop-1] Starting module 'alfresco-trashcan-cleaner' version 2.2.
2019-01-11 16:05:57,427 INFO  [org.alfresco.repo.management.subsystems.ChildApplicationContextFactory] [localhost-startStop-1] Starting 'fileServers' subsystem, ID: [fileServers, default]
2019-01-11 16:05:57,633 INFO  [org.alfresco.repo.management.subsystems.ChildApplicationContextFactory] [localhost-startStop-1] Starting 'sysAdmin' subsystem, ID: [sysAdmin, default]
2019-01-11 16:05:57,649 INFO  [org.alfresco.repo.management.subsystems.ChildApplicationContextFactory] [localhost-startStop-1] Startup of 'sysAdmin' subsystem, ID: [sysAdmin, default] complete
2019-01-11 16:05:57,663 INFO  [org.alfresco.repo.management.subsystems.ChildApplicationContextFactory] [localhost-startStop-1] Startup of 'fileServers' subsystem, ID: [fileServers, default] complete
2019-01-11 16:05:57,663 INFO  [org.alfresco.repo.management.subsystems.ChildApplicationContextFactory] [localhost-startStop-1] Starting 'imap' subsystem, ID: [imap, default]
2019-01-11 16:05:57,738 INFO  [org.alfresco.repo.management.subsystems.ChildApplicationContextFactory] [localhost-startStop-1] Startup of 'imap' subsystem, ID: [imap, default] complete
2019-01-11 16:05:57,738 INFO  [org.alfresco.repo.management.subsystems.ChildApplicationContextFactory] [localhost-startStop-1] Starting 'email' subsystem, ID: [email, outbound]
2019-01-11 16:05:57,949 INFO  [org.alfresco.repo.management.subsystems.ChildApplicationContextFactory] [localhost-startStop-1] Startup of 'email' subsystem, ID: [email, outbound] complete
2019-01-11 16:05:57,949 INFO  [org.alfresco.repo.management.subsystems.ChildApplicationContextFactory] [localhost-startStop-1] Starting 'email' subsystem, ID: [email, inbound]
2019-01-11 16:05:57,991 INFO  [org.alfresco.repo.management.subsystems.ChildApplicationContextFactory] [localhost-startStop-1] Startup of 'email' subsystem, ID: [email, inbound] complete
2019-01-11 16:05:57,991 INFO  [org.alfresco.repo.management.subsystems.ChildApplicationContextFactory] [localhost-startStop-1] Starting 'Subscriptions' subsystem, ID: [Subscriptions, default]
2019-01-11 16:05:58,006 INFO  [org.alfresco.repo.management.subsystems.ChildApplicationContextFactory] [localhost-startStop-1] Startup of 'Subscriptions' subsystem, ID: [Subscriptions, default] complete
2019-01-11 16:05:58,024 INFO  [org.alfresco.repo.management.subsystems.ChildApplicationContextFactory] [localhost-startStop-1] Starting 'Synchronization' subsystem, ID: [Synchronization, default]
2019-01-11 16:05:58,098 INFO  [org.alfresco.repo.management.subsystems.ChildApplicationContextFactory] [localhost-startStop-1] Startup of 'Synchronization' subsystem, ID: [Synchronization, default] complete
2019-01-11 16:05:58,112 INFO  [org.alfresco.service.descriptor.DescriptorService] [localhost-startStop-1] Alfresco JVM - v1.8.0_191-b12; maximum heap size 3515.000MB
2019-01-11 16:05:58,113 INFO  [org.alfresco.service.descriptor.DescriptorService] [localhost-startStop-1] Server Mode :UNKNOWN
2019-01-11 16:05:58,117 INFO  [org.alfresco.service.descriptor.DescriptorService] [localhost-startStop-1] Alfresco Content Services started (Community). Current version: 5.2.0 (r135134-b14) schema 10,005. Originally installed version: 5.2.0 (r135134-b14) schema 10,005.
2019-01-11 16:05:58,127 INFO  [org.alfresco.repo.management.subsystems.ChildApplicationContextFactory] [localhost-startStop-1] Starting 'ActivitiesFeed' subsystem, ID: [ActivitiesFeed, default]
2019-01-11 16:05:58,313 INFO  [org.alfresco.repo.management.subsystems.ChildApplicationContextFactory] [localhost-startStop-1] Startup of 'ActivitiesFeed' subsystem, ID: [ActivitiesFeed, default] complete
2019-01-11 16:05:58,314 INFO  [org.alfresco.repo.management.subsystems.ChildApplicationContextFactory] [localhost-startStop-1] Starting 'Replication' subsystem, ID: [Replication, default]
2019-01-11 16:05:58,327 INFO  [org.alfresco.repo.management.subsystems.ChildApplicationContextFactory] [localhost-startStop-1] Startup of 'Replication' subsystem, ID: [Replication, default] complete
2019-01-11 16:06:01,830 INFO  [org.springframework.extensions.webscripts.DeclarativeRegistry] [asynchronouslyRefreshedCacheThreadPool1] Registered 400 Web Scripts (+0 failed), 549 URLs
2019-01-11 16:06:01,831 INFO  [org.springframework.extensions.webscripts.DeclarativeRegistry] [asynchronouslyRefreshedCacheThreadPool1] Registered 1 Package Description Documents (+0 failed) 
2019-01-11 16:06:01,831 INFO  [org.springframework.extensions.webscripts.DeclarativeRegistry] [asynchronouslyRefreshedCacheThreadPool1] Registered 0 Schema Description Documents (+0 failed) 
2019-01-11 16:06:03,297 INFO  [org.springframework.extensions.webscripts.DeclarativeRegistry] [localhost-startStop-1] Registered 400 Web Scripts (+0 failed), 549 URLs
2019-01-11 16:06:03,297 INFO  [org.springframework.extensions.webscripts.DeclarativeRegistry] [localhost-startStop-1] Registered 1 Package Description Documents (+0 failed) 
2019-01-11 16:06:03,297 INFO  [org.springframework.extensions.webscripts.DeclarativeRegistry] [localhost-startStop-1] Registered 0 Schema Description Documents (+0 failed) 
2019-01-11 16:06:03,301 INFO  [org.springframework.extensions.webscripts.AbstractRuntimeContainer] [localhost-startStop-1] Initialised Repository Web Script Container (in 3868.6975ms)
2019-01-11 16:06:03,313 INFO  [org.springframework.extensions.webscripts.TemplateProcessorRegistry] [localhost-startStop-1] Registered template processor freemarker for extension ftl
2019-01-11 16:06:03,314 INFO  [org.springframework.extensions.webscripts.ScriptProcessorRegistry] [localhost-startStop-1] Registered script processor javascript for extension js
2019-01-11 16:06:04,525 INFO  [org.springframework.extensions.webscripts.DeclarativeRegistry] [asynchronouslyRefreshedCacheThreadPool1] Registered 400 Web Scripts (+0 failed), 549 URLs
2019-01-11 16:06:04,525 INFO  [org.springframework.extensions.webscripts.DeclarativeRegistry] [asynchronouslyRefreshedCacheThreadPool1] Registered 1 Package Description Documents (+0 failed) 
2019-01-11 16:06:04,525 INFO  [org.springframework.extensions.webscripts.DeclarativeRegistry] [asynchronouslyRefreshedCacheThreadPool1] Registered 0 Schema Description Documents (+0 failed) 
2019-01-11 16:06:04,605 INFO  [org.springframework.extensions.webscripts.DeclarativeRegistry] [asynchronouslyRefreshedCacheThreadPool1] Registered 13 Web Scripts (+0 failed), 102 URLs
2019-01-11 16:06:04,605 INFO  [org.springframework.extensions.webscripts.DeclarativeRegistry] [asynchronouslyRefreshedCacheThreadPool1] Registered 0 Package Description Documents (+0 failed) 
2019-01-11 16:06:04,605 INFO  [org.springframework.extensions.webscripts.DeclarativeRegistry] [asynchronouslyRefreshedCacheThreadPool1] Registered 0 Schema Description Documents (+0 failed) 
2019-01-11 16:06:04,683 INFO  [org.springframework.extensions.webscripts.DeclarativeRegistry] [localhost-startStop-1] Registered 13 Web Scripts (+0 failed), 102 URLs
2019-01-11 16:06:04,684 INFO  [org.springframework.extensions.webscripts.DeclarativeRegistry] [localhost-startStop-1] Registered 0 Package Description Documents (+0 failed) 
2019-01-11 16:06:04,684 INFO  [org.springframework.extensions.webscripts.DeclarativeRegistry] [localhost-startStop-1] Registered 0 Schema Description Documents (+0 failed) 
2019-01-11 16:06:04,690 INFO  [org.springframework.extensions.webscripts.AbstractRuntimeContainer] [localhost-startStop-1] Initialised Public Api Web Script Container (in 1339.7704ms)
2019-01-11 16:06:04,729 INFO  [org.springframework.extensions.webscripts.DeclarativeRegistry] [asynchronouslyRefreshedCacheThreadPool1] Registered 13 Web Scripts (+0 failed), 102 URLs
2019-01-11 16:06:04,729 INFO  [org.springframework.extensions.webscripts.DeclarativeRegistry] [asynchronouslyRefreshedCacheThreadPool1] Registered 0 Package Description Documents (+0 failed) 
2019-01-11 16:06:04,730 INFO  [org.springframework.extensions.webscripts.DeclarativeRegistry] [asynchronouslyRefreshedCacheThreadPool1] Registered 0 Schema Description Documents (+0 failed) 
2019-01-11 16:06:45,332 ERROR [org.springframework.extensions.webscripts.AbstractRuntime] [http-bio-8080-exec-12] Exception from executeScript: 00110003 Wrapped Exception (with status template): 00110019 Nodes with no type are ignored by SOLR
org.springframework.extensions.webscripts.WebScriptException: 00110003 Wrapped Exception (with status template): 00110019 Nodes with no type are ignored by SOLR
	at org.springframework.extensions.webscripts.AbstractWebScript.createStatusException(AbstractWebScript.java:1138)
	at org.springframework.extensions.webscripts.DeclarativeWebScript.execute(DeclarativeWebScript.java:171)
	at org.alfresco.repo.web.scripts.RepositoryContainer$3.execute(RepositoryContainer.java:512)
	at org.alfresco.repo.transaction.RetryingTransactionHelper.doInTransaction(RetryingTransactionHelper.java:464)
	at org.alfresco.repo.web.scripts.RepositoryContainer.transactionedExecute(RepositoryContainer.java:587)
	at org.alfresco.repo.web.scripts.RepositoryContainer.transactionedExecuteAs(RepositoryContainer.java:656)
	at org.alfresco.repo.web.scripts.RepositoryContainer.executeScriptInternal(RepositoryContainer.java:355)
	at org.alfresco.repo.web.scripts.RepositoryContainer.executeScript(RepositoryContainer.java:308)
	at org.springframework.extensions.webscripts.AbstractRuntime.executeScript(AbstractRuntime.java:399)
	at org.springframework.extensions.webscripts.AbstractRuntime.executeScript(AbstractRuntime.java:210)
	at org.springframework.extensions.webscripts.servlet.WebScriptServlet.service(WebScriptServlet.java:132)
	at javax.servlet.http.HttpServlet.service(HttpServlet.java:770)
	at org.apache.catalina.core.ApplicationFilterChain.internalDoFilter(ApplicationFilterChain.java:305)
	at org.apache.catalina.core.ApplicationFilterChain.doFilter(ApplicationFilterChain.java:210)
	at org.apache.tomcat.websocket.server.WsFilter.doFilter(WsFilter.java:51)
	at org.apache.catalina.core.ApplicationFilterChain.internalDoFilter(ApplicationFilterChain.java:243)
	at org.apache.catalina.core.ApplicationFilterChain.doFilter(ApplicationFilterChain.java:210)
	at org.alfresco.web.scripts.servlet.X509ServletFilterBase.doFilter(X509ServletFilterBase.java:187)
	at org.apache.catalina.core.ApplicationFilterChain.internalDoFilter(ApplicationFilterChain.java:243)
	at org.apache.catalina.core.ApplicationFilterChain.doFilter(ApplicationFilterChain.java:210)
	at org.alfresco.web.app.servlet.GlobalLocalizationFilter.doFilter(GlobalLocalizationFilter.java:68)
	at org.apache.catalina.core.ApplicationFilterChain.internalDoFilter(ApplicationFilterChain.java:243)
	at org.apache.catalina.core.ApplicationFilterChain.doFilter(ApplicationFilterChain.java:210)
	at org.apache.catalina.core.StandardWrapperValve.invoke(StandardWrapperValve.java:222)
	at org.apache.catalina.core.StandardContextValve.invoke(StandardContextValve.java:123)
	at org.apache.catalina.authenticator.AuthenticatorBase.invoke(AuthenticatorBase.java:502)
	at org.apache.catalina.core.StandardHostValve.invoke(StandardHostValve.java:171)
	at org.apache.catalina.valves.ErrorReportValve.invoke(ErrorReportValve.java:100)
	at org.apache.catalina.valves.AccessLogValve.invoke(AccessLogValve.java:953)
	at org.apache.catalina.core.StandardEngineValve.invoke(StandardEngineValve.java:118)
	at org.apache.catalina.connector.CoyoteAdapter.service(CoyoteAdapter.java:408)
	at org.apache.coyote.http11.AbstractHttp11Processor.process(AbstractHttp11Processor.java:1041)
	at org.apache.coyote.AbstractProtocol$AbstractConnectionHandler.process(AbstractProtocol.java:603)
	at org.apache.tomcat.util.net.JIoEndpoint$SocketProcessor.run(JIoEndpoint.java:312)
	at java.util.concurrent.ThreadPoolExecutor.runWorker(ThreadPoolExecutor.java:1149)
	at java.util.concurrent.ThreadPoolExecutor$Worker.run(ThreadPoolExecutor.java:624)
	at java.lang.Thread.run(Thread.java:748)
Caused by: org.alfresco.error.AlfrescoRuntimeException: 00110019 Nodes with no type are ignored by SOLR
	at org.alfresco.repo.solr.SOLRTrackingComponentImpl.getNodesMetadata(SOLRTrackingComponentImpl.java:839)
	at sun.reflect.NativeMethodAccessorImpl.invoke0(Native Method)
	at sun.reflect.NativeMethodAccessorImpl.invoke(NativeMethodAccessorImpl.java:62)
	at sun.reflect.DelegatingMethodAccessorImpl.invoke(DelegatingMethodAccessorImpl.java:43)
	at java.lang.reflect.Method.invoke(Method.java:498)
	at org.alfresco.repo.management.subsystems.SubsystemProxyFactory$1.invoke(SubsystemProxyFactory.java:79)
	at org.springframework.aop.framework.ReflectiveMethodInvocation.proceed(ReflectiveMethodInvocation.java:172)
	at org.springframework.aop.framework.JdkDynamicAopProxy.invoke(JdkDynamicAopProxy.java:204)
	at com.sun.proxy.$Proxy127.getNodesMetadata(Unknown Source)
	at org.alfresco.repo.web.scripts.solr.NodesMetaDataGet.executeImpl(NodesMetaDataGet.java:191)
	at org.springframework.extensions.webscripts.DeclarativeWebScript.executeImpl(DeclarativeWebScript.java:235)
	at org.springframework.extensions.webscripts.DeclarativeWebScript.execute(DeclarativeWebScript.java:64)
	... 35 more
2019-01-11 16:06:45,500 ERROR [org.springframework.extensions.webscripts.AbstractRuntime] [http-bio-8080-exec-3] Exception from executeScript: 00110004 Wrapped Exception (with status template): 00110020 Nodes with no type are ignored by SOLR
org.springframework.extensions.webscripts.WebScriptException: 00110004 Wrapped Exception (with status template): 00110020 Nodes with no type are ignored by SOLR
	at org.springframework.extensions.webscripts.AbstractWebScript.createStatusException(AbstractWebScript.java:1138)
	at org.springframework.extensions.webscripts.DeclarativeWebScript.execute(DeclarativeWebScript.java:171)
	at org.alfresco.repo.web.scripts.RepositoryContainer$3.execute(RepositoryContainer.java:512)
	at org.alfresco.repo.transaction.RetryingTransactionHelper.doInTransaction(RetryingTransactionHelper.java:464)
	at org.alfresco.repo.web.scripts.RepositoryContainer.transactionedExecute(RepositoryContainer.java:587)
	at org.alfresco.repo.web.scripts.RepositoryContainer.transactionedExecuteAs(RepositoryContainer.java:656)
	at org.alfresco.repo.web.scripts.RepositoryContainer.executeScriptInternal(RepositoryContainer.java:355)
	at org.alfresco.repo.web.scripts.RepositoryContainer.executeScript(RepositoryContainer.java:308)
	at org.springframework.extensions.webscripts.AbstractRuntime.executeScript(AbstractRuntime.java:399)
	at org.springframework.extensions.webscripts.AbstractRuntime.executeScript(AbstractRuntime.java:210)
	at org.springframework.extensions.webscripts.servlet.WebScriptServlet.service(WebScriptServlet.java:132)
	at javax.servlet.http.HttpServlet.service(HttpServlet.java:770)
	at org.apache.catalina.core.ApplicationFilterChain.internalDoFilter(ApplicationFilterChain.java:305)
	at org.apache.catalina.core.ApplicationFilterChain.doFilter(ApplicationFilterChain.java:210)
	at org.apache.tomcat.websocket.server.WsFilter.doFilter(WsFilter.java:51)
	at org.apache.catalina.core.ApplicationFilterChain.internalDoFilter(ApplicationFilterChain.java:243)
	at org.apache.catalina.core.ApplicationFilterChain.doFilter(ApplicationFilterChain.java:210)
	at org.alfresco.web.scripts.servlet.X509ServletFilterBase.doFilter(X509ServletFilterBase.java:187)
	at org.apache.catalina.core.ApplicationFilterChain.internalDoFilter(ApplicationFilterChain.java:243)
	at org.apache.catalina.core.ApplicationFilterChain.doFilter(ApplicationFilterChain.java:210)
	at org.alfresco.web.app.servlet.GlobalLocalizationFilter.doFilter(GlobalLocalizationFilter.java:68)
	at org.apache.catalina.core.ApplicationFilterChain.internalDoFilter(ApplicationFilterChain.java:243)
	at org.apache.catalina.core.ApplicationFilterChain.doFilter(ApplicationFilterChain.java:210)
	at org.apache.catalina.core.StandardWrapperValve.invoke(StandardWrapperValve.java:222)
	at org.apache.catalina.core.StandardContextValve.invoke(StandardContextValve.java:123)
	at org.apache.catalina.authenticator.AuthenticatorBase.invoke(AuthenticatorBase.java:502)
	at org.apache.catalina.core.StandardHostValve.invoke(StandardHostValve.java:171)
	at org.apache.catalina.valves.ErrorReportValve.invoke(ErrorReportValve.java:100)
	at org.apache.catalina.valves.AccessLogValve.invoke(AccessLogValve.java:953)
	at org.apache.catalina.core.StandardEngineValve.invoke(StandardEngineValve.java:118)
	at org.apache.catalina.connector.CoyoteAdapter.service(CoyoteAdapter.java:408)
	at org.apache.coyote.http11.AbstractHttp11Processor.process(AbstractHttp11Processor.java:1041)
	at org.apache.coyote.AbstractProtocol$AbstractConnectionHandler.process(AbstractProtocol.java:603)
	at org.apache.tomcat.util.net.JIoEndpoint$SocketProcessor.run(JIoEndpoint.java:312)
	at java.util.concurrent.ThreadPoolExecutor.runWorker(ThreadPoolExecutor.java:1149)
	at java.util.concurrent.ThreadPoolExecutor$Worker.run(ThreadPoolExecutor.java:624)
	at java.lang.Thread.run(Thread.java:748)
Caused by: org.alfresco.error.AlfrescoRuntimeException: 00110020 Nodes with no type are ignored by SOLR
	at org.alfresco.repo.solr.SOLRTrackingComponentImpl.getNodesMetadata(SOLRTrackingComponentImpl.java:839)
	at sun.reflect.NativeMethodAccessorImpl.invoke0(Native Method)
	at sun.reflect.NativeMethodAccessorImpl.invoke(NativeMethodAccessorImpl.java:62)
	at sun.reflect.DelegatingMethodAccessorImpl.invoke(DelegatingMethodAccessorImpl.java:43)
	at java.lang.reflect.Method.invoke(Method.java:498)
	at org.alfresco.repo.management.subsystems.SubsystemProxyFactory$1.invoke(SubsystemProxyFactory.java:79)
	at org.springframework.aop.framework.ReflectiveMethodInvocation.proceed(ReflectiveMethodInvocation.java:172)
	at org.springframework.aop.framework.JdkDynamicAopProxy.invoke(JdkDynamicAopProxy.java:204)
	at com.sun.proxy.$Proxy127.getNodesMetadata(Unknown Source)
	at org.alfresco.repo.web.scripts.solr.NodesMetaDataGet.executeImpl(NodesMetaDataGet.java:191)
	at org.springframework.extensions.webscripts.DeclarativeWebScript.executeImpl(DeclarativeWebScript.java:235)
	at org.springframework.extensions.webscripts.DeclarativeWebScript.execute(DeclarativeWebScript.java:64)
	... 35 more
2019-01-11 16:06:45,533 ERROR [org.springframework.extensions.webscripts.AbstractRuntime] [http-bio-8080-exec-4] Exception from executeScript: 00110005 Wrapped Exception (with status template): 00110021 Nodes with no type are ignored by SOLR
org.springframework.extensions.webscripts.WebScriptException: 00110005 Wrapped Exception (with status template): 00110021 Nodes with no type are ignored by SOLR
	at org.springframework.extensions.webscripts.AbstractWebScript.createStatusException(AbstractWebScript.java:1138)
	at org.springframework.extensions.webscripts.DeclarativeWebScript.execute(DeclarativeWebScript.java:171)
	at org.alfresco.repo.web.scripts.RepositoryContainer$3.execute(RepositoryContainer.java:512)
	at org.alfresco.repo.transaction.RetryingTransactionHelper.doInTransaction(RetryingTransactionHelper.java:464)
	at org.alfresco.repo.web.scripts.RepositoryContainer.transactionedExecute(RepositoryContainer.java:587)
	at org.alfresco.repo.web.scripts.RepositoryContainer.transactionedExecuteAs(RepositoryContainer.java:656)
	at org.alfresco.repo.web.scripts.RepositoryContainer.executeScriptInternal(RepositoryContainer.java:355)
	at org.alfresco.repo.web.scripts.RepositoryContainer.executeScript(RepositoryContainer.java:308)
	at org.springframework.extensions.webscripts.AbstractRuntime.executeScript(AbstractRuntime.java:399)
	at org.springframework.extensions.webscripts.AbstractRuntime.executeScript(AbstractRuntime.java:210)
	at org.springframework.extensions.webscripts.servlet.WebScriptServlet.service(WebScriptServlet.java:132)
	at javax.servlet.http.HttpServlet.service(HttpServlet.java:770)
	at org.apache.catalina.core.ApplicationFilterChain.internalDoFilter(ApplicationFilterChain.java:305)
	at org.apache.catalina.core.ApplicationFilterChain.doFilter(ApplicationFilterChain.java:210)
	at org.apache.tomcat.websocket.server.WsFilter.doFilter(WsFilter.java:51)
	at org.apache.catalina.core.ApplicationFilterChain.internalDoFilter(ApplicationFilterChain.java:243)
	at org.apache.catalina.core.ApplicationFilterChain.doFilter(ApplicationFilterChain.java:210)
	at org.alfresco.web.scripts.servlet.X509ServletFilterBase.doFilter(X509ServletFilterBase.java:187)
	at org.apache.catalina.core.ApplicationFilterChain.internalDoFilter(ApplicationFilterChain.java:243)
	at org.apache.catalina.core.ApplicationFilterChain.doFilter(ApplicationFilterChain.java:210)
	at org.alfresco.web.app.servlet.GlobalLocalizationFilter.doFilter(GlobalLocalizationFilter.java:68)
	at org.apache.catalina.core.ApplicationFilterChain.internalDoFilter(ApplicationFilterChain.java:243)
	at org.apache.catalina.core.ApplicationFilterChain.doFilter(ApplicationFilterChain.java:210)
	at org.apache.catalina.core.StandardWrapperValve.invoke(StandardWrapperValve.java:222)
	at org.apache.catalina.core.StandardContextValve.invoke(StandardContextValve.java:123)
	at org.apache.catalina.authenticator.AuthenticatorBase.invoke(AuthenticatorBase.java:502)
	at org.apache.catalina.core.StandardHostValve.invoke(StandardHostValve.java:171)
	at org.apache.catalina.valves.ErrorReportValve.invoke(ErrorReportValve.java:100)
	at org.apache.catalina.valves.AccessLogValve.invoke(AccessLogValve.java:953)
	at org.apache.catalina.core.StandardEngineValve.invoke(StandardEngineValve.java:118)
	at org.apache.catalina.connector.CoyoteAdapter.service(CoyoteAdapter.java:408)
	at org.apache.coyote.http11.AbstractHttp11Processor.process(AbstractHttp11Processor.java:1041)
	at org.apache.coyote.AbstractProtocol$AbstractConnectionHandler.process(AbstractProtocol.java:603)
	at org.apache.tomcat.util.net.JIoEndpoint$SocketProcessor.run(JIoEndpoint.java:312)
	at java.util.concurrent.ThreadPoolExecutor.runWorker(ThreadPoolExecutor.java:1149)
	at java.util.concurrent.ThreadPoolExecutor$Worker.run(ThreadPoolExecutor.java:624)
	at java.lang.Thread.run(Thread.java:748)
Caused by: org.alfresco.error.AlfrescoRuntimeException: 00110021 Nodes with no type are ignored by SOLR
	at org.alfresco.repo.solr.SOLRTrackingComponentImpl.getNodesMetadata(SOLRTrackingComponentImpl.java:839)
	at sun.reflect.NativeMethodAccessorImpl.invoke0(Native Method)
	at sun.reflect.NativeMethodAccessorImpl.invoke(NativeMethodAccessorImpl.java:62)
	at sun.reflect.DelegatingMethodAccessorImpl.invoke(DelegatingMethodAccessorImpl.java:43)
	at java.lang.reflect.Method.invoke(Method.java:498)
	at org.alfresco.repo.management.subsystems.SubsystemProxyFactory$1.invoke(SubsystemProxyFactory.java:79)
	at org.springframework.aop.framework.ReflectiveMethodInvocation.proceed(ReflectiveMethodInvocation.java:172)
	at org.springframework.aop.framework.JdkDynamicAopProxy.invoke(JdkDynamicAopProxy.java:204)
	at com.sun.proxy.$Proxy127.getNodesMetadata(Unknown Source)
	at org.alfresco.repo.web.scripts.solr.NodesMetaDataGet.executeImpl(NodesMetaDataGet.java:191)
	at org.springframework.extensions.webscripts.DeclarativeWebScript.executeImpl(DeclarativeWebScript.java:235)
	at org.springframework.extensions.webscripts.DeclarativeWebScript.execute(DeclarativeWebScript.java:64)
	... 35 more
2019-01-11 16:07:00,151 WARN  [org.alfresco.util.OpenOfficeConnectionTester] [DefaultScheduler_Worker-3] Error trying to query Open Office version information. OpenOffice.org's ConfigurationRegistry not implemented in this version of OOo. This should not affect the operation of OOo.
2019-01-11 16:07:00,151 INFO  [org.alfresco.util.OpenOfficeConnectionTester] [DefaultScheduler_Worker-3] The OpenOffice connection was re-established.
2019-01-11 16:09:57,204 ERROR [org.alfresco.util.SocketOpenOfficeConnection] [MessageDispatcher] disconnected unexpectedly
2019-01-11 16:09:57,407 INFO  [org.alfresco.repo.management.subsystems.ChildApplicationContextFactory] [localhost-startStop-2] Stopping 'Replication' subsystem, ID: [Replication, default]
2019-01-11 16:09:57,408 INFO  [org.alfresco.repo.management.subsystems.ChildApplicationContextFactory] [localhost-startStop-2] Stopped 'Replication' subsystem, ID: [Replication, default]
2019-01-11 16:09:57,446 INFO  [org.alfresco.repo.management.subsystems.ChildApplicationContextFactory] [localhost-startStop-2] Stopping 'Subscriptions' subsystem, ID: [Subscriptions, default]
2019-01-11 16:09:57,446 INFO  [org.alfresco.repo.management.subsystems.ChildApplicationContextFactory] [localhost-startStop-2] Stopped 'Subscriptions' subsystem, ID: [Subscriptions, default]
2019-01-11 16:09:57,446 INFO  [org.alfresco.repo.management.subsystems.ChildApplicationContextFactory] [localhost-startStop-2] Stopping 'email' subsystem, ID: [email, inbound]
2019-01-11 16:09:57,446 INFO  [org.alfresco.repo.management.subsystems.ChildApplicationContextFactory] [localhost-startStop-2] Stopped 'email' subsystem, ID: [email, inbound]
2019-01-11 16:09:57,447 INFO  [org.alfresco.repo.management.subsystems.ChildApplicationContextFactory] [localhost-startStop-2] Stopping 'fileServers' subsystem, ID: [fileServers, default]
2019-01-11 16:09:57,448 INFO  [org.alfresco.repo.management.subsystems.ChildApplicationContextFactory] [localhost-startStop-2] Stopped 'fileServers' subsystem, ID: [fileServers, default]
2019-01-11 16:09:57,452 INFO  [org.alfresco.repo.management.subsystems.ChildApplicationContextFactory] [localhost-startStop-2] Stopping 'ActivitiesFeed' subsystem, ID: [ActivitiesFeed, default]
2019-01-11 16:09:57,453 INFO  [org.alfresco.repo.management.subsystems.ChildApplicationContextFactory] [localhost-startStop-2] Stopped 'ActivitiesFeed' subsystem, ID: [ActivitiesFeed, default]
2019-01-11 16:09:57,455 INFO  [org.alfresco.repo.management.subsystems.ChildApplicationContextFactory] [localhost-startStop-2] Stopping 'OOoDirect' subsystem, ID: [OOoDirect, default]
2019-01-11 16:09:57,455 INFO  [org.alfresco.repo.management.subsystems.ChildApplicationContextFactory] [localhost-startStop-2] Stopped 'OOoDirect' subsystem, ID: [OOoDirect, default]
2019-01-11 16:09:57,455 INFO  [org.alfresco.repo.management.subsystems.ChildApplicationContextFactory] [localhost-startStop-2] Stopping 'ContentStore' subsystem, ID: [ContentStore, managed, unencrypted]
2019-01-11 16:09:57,455 INFO  [org.alfresco.repo.management.subsystems.ChildApplicationContextFactory] [localhost-startStop-2] Stopped 'ContentStore' subsystem, ID: [ContentStore, managed, unencrypted]
2019-01-11 16:09:57,456 INFO  [org.alfresco.repo.management.subsystems.ChildApplicationContextFactory] [localhost-startStop-2] Stopping 'Synchronization' subsystem, ID: [Synchronization, default]
2019-01-11 16:09:57,457 INFO  [org.alfresco.repo.management.subsystems.ChildApplicationContextFactory] [localhost-startStop-2] Stopped 'Synchronization' subsystem, ID: [Synchronization, default]
2019-01-11 16:09:57,465 INFO  [org.alfresco.repo.management.subsystems.ChildApplicationContextFactory] [localhost-startStop-2] Stopping 'email' subsystem, ID: [email, outbound]
2019-01-11 16:09:57,465 INFO  [org.alfresco.repo.management.subsystems.ChildApplicationContextFactory] [localhost-startStop-2] Stopped 'email' subsystem, ID: [email, outbound]
2019-01-11 16:09:57,472 INFO  [org.alfresco.repo.management.subsystems.ChildApplicationContextFactory] [localhost-startStop-2] Stopping 'imap' subsystem, ID: [imap, default]
2019-01-11 16:09:57,473 INFO  [org.alfresco.repo.management.subsystems.ChildApplicationContextFactory] [localhost-startStop-2] Stopped 'imap' subsystem, ID: [imap, default]
2019-01-11 16:09:57,600 INFO  [org.alfresco.repo.management.subsystems.ChildApplicationContextFactory] [localhost-startStop-2] Stopping 'Search' subsystem, ID: [Search, managed, solr4]
2019-01-11 16:09:58,068 INFO  [org.alfresco.repo.management.subsystems.ChildApplicationContextFactory] [localhost-startStop-2] Stopped 'Search' subsystem, ID: [Search, managed, solr4]
2019-01-11 16:09:58,133 INFO  [org.alfresco.repo.management.subsystems.ChildApplicationContextFactory] [localhost-startStop-2] Stopping 'thirdparty' subsystem, ID: [thirdparty, default]
2019-01-11 16:09:58,133 INFO  [org.alfresco.repo.management.subsystems.ChildApplicationContextFactory] [localhost-startStop-2] Stopped 'thirdparty' subsystem, ID: [thirdparty, default]
2019-01-11 16:09:58,134 INFO  [org.alfresco.repo.management.subsystems.ChildApplicationContextFactory] [localhost-startStop-2] Stopping 'Authentication' subsystem, ID: [Authentication, managed, alfrescoNtlm1]
2019-01-11 16:09:58,134 INFO  [org.alfresco.repo.management.subsystems.ChildApplicationContextFactory] [localhost-startStop-2] Stopped 'Authentication' subsystem, ID: [Authentication, managed, alfrescoNtlm1]
2019-01-11 16:09:58,134 INFO  [org.alfresco.repo.management.subsystems.ChildApplicationContextFactory] [localhost-startStop-2] Stopping 'sysAdmin' subsystem, ID: [sysAdmin, default]
2019-01-11 16:09:58,134 INFO  [org.alfresco.repo.management.subsystems.ChildApplicationContextFactory] [localhost-startStop-2] Stopped 'sysAdmin' subsystem, ID: [sysAdmin, default]
